"node-superagent/2.3.0",2019-06-21T18:24:39.091Z,GET,/,HTTP/1.1,200
"node-superagent/2.3.0",2019-06-21T18:24:39.103Z,GET,/,HTTP/1.1,200
"node-superagent/2.3.0",2019-06-21T18:24:39.103Z,GET,/,HTTP/1.1,200,"node-superagent/2.3.0",2019-06-21T18:24:39.107Z,GET,/,HTTP/1.1,200
"node-superagent/2.3.0",2019-06-21T18:24:39.112Z,GET,/,HTTP/1.1,200
"node-superagent/2.3.0",2019-06-21T18:24:39.115Z,GET,/,HTTP/1.1,200
"node-superagent/2.3.0",2019-06-21T18:24:39.117Z,GET,/,HTTP/1.1,200
"node-superagent/2.3.0",2019-06-21T18:24:39.119Z,GET,/,HTTP/1.1,200
"node-superagent/2.3.0",2019-06-21T18:24:39.121Z,GET,/,HTTP/1.1,200
"node-superagent/2.3.0",2019-06-21T18:24:39.123Z,GET,/logs,HTTP/1.1,200
[ { Agent: 'node-superagent/2.3.0',
    Time: '2019-06-21T18:21:40.024Z',
    Method: 'GET',
    Resource: '/',
    Version: 'HTTP/1.1',
    Status: '200' },
  { Agent: 'node-superagent/2.3.0',
    Time: '2019-06-21T18:21:40.036Z',
    Method: 'GET',
    Resource: '/',
    Version: 'HTTP/1.1',
    Status: '200' },
  { Agent: 'node-superagent/2.3.0',
    Time: '2019-06-21T18:21:40.039Z',
    Method: 'GET',
    Resource: '/',
    Version: 'HTTP/1.1',
    Status: '200' },
  { Agent: 'node-superagent/2.3.0',
    Time: '2019-06-21T18:21:40.044Z',
    Method: 'GET',
    Resource: '/',
    Version: 'HTTP/1.1',
    Status: '200' },
  { Agent: 'node-superagent/2.3.0',
    Time: '2019-06-21T18:21:40.046Z',
    Method: 'GET',
    Resource: '/',
    Version: 'HTTP/1.1',
    Status: '200' },
  { Agent: 'node-superagent/2.3.0',
    Time: '2019-06-21T18:21:40.047Z',
    Method: 'GET',
    Resource: '/',
    Version: 'HTTP/1.1',
    Status: '200' },
  { Agent: 'node-superagent/2.3.0',
    Time: '2019-06-21T18:21:40.049Z',
    Method: 'GET',
    Resource: '/',
    Version: 'HTTP/1.1',
    Status: '200' },
  { Agent: 'node-superagent/2.3.0',
    Time: '2019-06-21T18:21:40.051Z',
    Method: 'GET',
    Resource: '/',
    Version: 'HTTP/1.1',
    Status: '200' },
  { Agent: 'node-superagent/2.3.0',
    Time: '2019-06-21T18:21:40.053Z',
    Method: 'GET',
    Resource: '/logs',
    Version: 'HTTP/1.1',
    Status: '200' },
  { Agent: 'node-superagent/2.3.0',
    Time: '2019-06-21T18:21:46.560Z',
    Method: 'GET',
    Resource: '/logs',
    Version: 'HTTP/1.1',
    Status: '200' },
  { Agent: 'node-superagent/2.3.0',
    Time: '2019-06-21T18:23:19.626Z',
    Method: 'GET',
    Resource: '/',
    Version: 'HTTP/1.1',
    Status: '200' },
  { Agent: 'node-superagent/2.3.0',
    Time: '2019-06-21T18:23:19.638Z',
    Method: 'GET',
    Resource: '/',
    Version: 'HTTP/1.1',
    Status: '200' },
  { Agent: 'node-superagent/2.3.0',
    Time: '2019-06-21T18:23:19.638Z',
    Method: 'GET',
    Resource: '/',
    Version: 'HTTP/1.1',
    Status: '200',
    field7: 'node-superagent/2.3.0',
    field8: '2019-06-21T18:23:19.642Z',
    field9: 'GET',
    field10: '/',
    field11: 'HTTP/1.1',
    field12: '200' },
  { Agent: 'node-superagent/2.3.0',
    Time: '2019-06-21T18:23:19.647Z',
    Method: 'GET',
    Resource: '/',
    Version: 'HTTP/1.1',
    Status: '200' },
  { Agent: 'node-superagent/2.3.0',
    Time: '2019-06-21T18:23:19.650Z',
    Method: 'GET',
    Resource: '/',
    Version: 'HTTP/1.1',
    Status: '200' },
  { Agent: 'node-superagent/2.3.0',
    Time: '2019-06-21T18:23:19.651Z',
    Method: 'GET',
    Resource: '/',
    Version: 'HTTP/1.1',
    Status: '200' },
  { Agent: 'node-superagent/2.3.0',
    Time: '2019-06-21T18:23:19.654Z',
    Method: 'GET',
    Resource: '/',
    Version: 'HTTP/1.1',
    Status: '200' },
  { Agent: 'node-superagent/2.3.0',
    Time: '2019-06-21T18:23:19.656Z',
    Method: 'GET',
    Resource: '/',
    Version: 'HTTP/1.1',
    Status: '200' },
  { Agent: 'node-superagent/2.3.0',
    Time: '2019-06-21T18:23:19.658Z',
    Method: 'GET',
    Resource: '/logs',
    Version: 'HTTP/1.1',
    Status: '200' },
  { Agent: 'node-superagent/2.3.0',
    Time: '2019-06-21T18:23:19.682Z',
    Method: 'GET',
    Resource: '/logs',
    Version: 'HTTP/1.1',
    Status: '200' },
  { Agent:
     'Mozilla/5.0 (Macintosh; Intel Mac OS X 10_14_5) AppleWebKit/537.36 (KHTML, like Gecko) Chrome/74.0.3729.169 Safari/537.36',
    Time: '2019-06-21T18:23:38.467Z',
    Method: 'GET',
    Resource: '/logs',
    Version: 'HTTP/1.1',
    Status: '200' },
  { Agent:
     'Mozilla/5.0 (Macintosh; Intel Mac OS X 10_14_5) AppleWebKit/537.36 (KHTML, like Gecko) Chrome/74.0.3729.169 Safari/537.36',
    Time: '2019-06-21T18:23:55.230Z',
    Method: 'GET',
    Resource: '/logs',
    Version: 'HTTP/1.1',
    Status: '200' },
  { Agent:
     'Mozilla/5.0 (Macintosh; Intel Mac OS X 10_14_5) AppleWebKit/537.36 (KHTML, like Gecko) Chrome/74.0.3729.169 Safari/537.36',
    Time: '2019-06-21T18:24:19.936Z',
    Method: 'GET',
    Resource: '/logs',
    Version: 'HTTP/1.1',
    Status: '200' },
  { Agent: 'node-superagent/2.3.0',
    Time: '2019-06-21T18:24:39.091Z',
    Method: 'GET',
    Resource: '/',
    Version: 'HTTP/1.1',
    Status: '200' },
  { Agent: 'node-superagent/2.3.0',
    Time: '2019-06-21T18:24:39.103Z',
    Method: 'GET',
    Resource: '/',
    Version: 'HTTP/1.1',
    Status: '200' },
  { Agent: 'node-superagent/2.3.0',
    Time: '2019-06-21T18:24:39.103Z',
    Method: 'GET',
    Resource: '/',
    Version: 'HTTP/1.1',
    Status: '200',
    field7: 'node-superagent/2.3.0',
    field8: '2019-06-21T18:24:39.107Z',
    field9: 'GET',
    field10: '/',
    field11: 'HTTP/1.1',
    field12: '200' },
  { Agent: 'node-superagent/2.3.0',
    Time: '2019-06-21T18:24:39.112Z',
    Method: 'GET',
    Resource: '/',
    Version: 'HTTP/1.1',
    Status: '200' },
  { Agent: 'node-superagent/2.3.0',
    Time: '2019-06-21T18:24:39.115Z',
    Method: 'GET',
    Resource: '/',
    Version: 'HTTP/1.1',
    Status: '200' },
  { Agent: 'node-superagent/2.3.0',
    Time: '2019-06-21T18:24:39.117Z',
    Method: 'GET',
    Resource: '/',
    Version: 'HTTP/1.1',
    Status: '200' },
  { Agent: 'node-superagent/2.3.0',
    Time: '2019-06-21T18:24:39.119Z',
    Method: 'GET',
    Resource: '/',
    Version: 'HTTP/1.1',
    Status: '200' },
  { Agent: 'node-superagent/2.3.0',
    Time: '2019-06-21T18:24:39.121Z',
    Method: 'GET',
    Resource: '/',
    Version: 'HTTP/1.1',
    Status: '200' },
  { Agent: 'node-superagent/2.3.0',
    Time: '2019-06-21T18:24:39.123Z',
    Method: 'GET',
    Resource: '/logs',
    Version: 'HTTP/1.1',
    Status: '200' } ]
"node-superagent/2.3.0",2019-06-21T18:24:39.143Z,GET,/logs,HTTP/1.1,200
[ { Agent: 'node-superagent/2.3.0',
    Time: '2019-06-21T18:21:40.024Z',
    Method: 'GET',
    Resource: '/',
    Version: 'HTTP/1.1',
    Status: '200' },
  { Agent: 'node-superagent/2.3.0',
    Time: '2019-06-21T18:21:40.036Z',
    Method: 'GET',
    Resource: '/',
    Version: 'HTTP/1.1',
    Status: '200' },
  { Agent: 'node-superagent/2.3.0',
    Time: '2019-06-21T18:21:40.039Z',
    Method: 'GET',
    Resource: '/',
    Version: 'HTTP/1.1',
    Status: '200' },
  { Agent: 'node-superagent/2.3.0',
    Time: '2019-06-21T18:21:40.044Z',
    Method: 'GET',
    Resource: '/',
    Version: 'HTTP/1.1',
    Status: '200' },
  { Agent: 'node-superagent/2.3.0',
    Time: '2019-06-21T18:21:40.046Z',
    Method: 'GET',
    Resource: '/',
    Version: 'HTTP/1.1',
    Status: '200' },
  { Agent: 'node-superagent/2.3.0',
    Time: '2019-06-21T18:21:40.047Z',
    Method: 'GET',
    Resource: '/',
    Version: 'HTTP/1.1',
    Status: '200' },
  { Agent: 'node-superagent/2.3.0',
    Time: '2019-06-21T18:21:40.049Z',
    Method: 'GET',
    Resource: '/',
    Version: 'HTTP/1.1',
    Status: '200' },
  { Agent: 'node-superagent/2.3.0',
    Time: '2019-06-21T18:21:40.051Z',
    Method: 'GET',
    Resource: '/',
    Version: 'HTTP/1.1',
    Status: '200' },
  { Agent: 'node-superagent/2.3.0',
    Time: '2019-06-21T18:21:40.053Z',
    Method: 'GET',
    Resource: '/logs',
    Version: 'HTTP/1.1',
    Status: '200' },
  { Agent: 'node-superagent/2.3.0',
    Time: '2019-06-21T18:21:46.560Z',
    Method: 'GET',
    Resource: '/logs',
    Version: 'HTTP/1.1',
    Status: '200' },
  { Agent: 'node-superagent/2.3.0',
    Time: '2019-06-21T18:23:19.626Z',
    Method: 'GET',
    Resource: '/',
    Version: 'HTTP/1.1',
    Status: '200' },
  { Agent: 'node-superagent/2.3.0',
    Time: '2019-06-21T18:23:19.638Z',
    Method: 'GET',
    Resource: '/',
    Version: 'HTTP/1.1',
    Status: '200' },
  { Agent: 'node-superagent/2.3.0',
    Time: '2019-06-21T18:23:19.638Z',
    Method: 'GET',
    Resource: '/',
    Version: 'HTTP/1.1',
    Status: '200',
    field7: 'node-superagent/2.3.0',
    field8: '2019-06-21T18:23:19.642Z',
    field9: 'GET',
    field10: '/',
    field11: 'HTTP/1.1',
    field12: '200' },
  { Agent: 'node-superagent/2.3.0',
    Time: '2019-06-21T18:23:19.647Z',
    Method: 'GET',
    Resource: '/',
    Version: 'HTTP/1.1',
    Status: '200' },
  { Agent: 'node-superagent/2.3.0',
    Time: '2019-06-21T18:23:19.650Z',
    Method: 'GET',
    Resource: '/',
    Version: 'HTTP/1.1',
    Status: '200' },
  { Agent: 'node-superagent/2.3.0',
    Time: '2019-06-21T18:23:19.651Z',
    Method: 'GET',
    Resource: '/',
    Version: 'HTTP/1.1',
    Status: '200' },
  { Agent: 'node-superagent/2.3.0',
    Time: '2019-06-21T18:23:19.654Z',
    Method: 'GET',
    Resource: '/',
    Version: 'HTTP/1.1',
    Status: '200' },
  { Agent: 'node-superagent/2.3.0',
    Time: '2019-06-21T18:23:19.656Z',
    Method: 'GET',
    Resource: '/',
    Version: 'HTTP/1.1',
    Status: '200' },
  { Agent: 'node-superagent/2.3.0',
    Time: '2019-06-21T18:23:19.658Z',
    Method: 'GET',
    Resource: '/logs',
    Version: 'HTTP/1.1',
    Status: '200' },
  { Agent: 'node-superagent/2.3.0',
    Time: '2019-06-21T18:23:19.682Z',
    Method: 'GET',
    Resource: '/logs',
    Version: 'HTTP/1.1',
    Status: '200' },
  { Agent:
     'Mozilla/5.0 (Macintosh; Intel Mac OS X 10_14_5) AppleWebKit/537.36 (KHTML, like Gecko) Chrome/74.0.3729.169 Safari/537.36',
    Time: '2019-06-21T18:23:38.467Z',
    Method: 'GET',
    Resource: '/logs',
    Version: 'HTTP/1.1',
    Status: '200' },
  { Agent:
     'Mozilla/5.0 (Macintosh; Intel Mac OS X 10_14_5) AppleWebKit/537.36 (KHTML, like Gecko) Chrome/74.0.3729.169 Safari/537.36',
    Time: '2019-06-21T18:23:55.230Z',
    Method: 'GET',
    Resource: '/logs',
    Version: 'HTTP/1.1',
    Status: '200' },
  { Agent:
     'Mozilla/5.0 (Macintosh; Intel Mac OS X 10_14_5) AppleWebKit/537.36 (KHTML, like Gecko) Chrome/74.0.3729.169 Safari/537.36',
    Time: '2019-06-21T18:24:19.936Z',
    Method: 'GET',
    Resource: '/logs',
    Version: 'HTTP/1.1',
    Status: '200' },
  { Agent: 'node-superagent/2.3.0',
    Time: '2019-06-21T18:24:39.091Z',
    Method: 'GET',
    Resource: '/',
    Version: 'HTTP/1.1',
    Status: '200' },
  { Agent: 'node-superagent/2.3.0',
    Time: '2019-06-21T18:24:39.103Z',
    Method: 'GET',
    Resource: '/',
    Version: 'HTTP/1.1',
    Status: '200' },
  { Agent: 'node-superagent/2.3.0',
    Time: '2019-06-21T18:24:39.103Z',
    Method: 'GET',
    Resource: '/',
    Version: 'HTTP/1.1',
    Status: '200',
    field7: 'node-superagent/2.3.0',
    field8: '2019-06-21T18:24:39.107Z',
    field9: 'GET',
    field10: '/',
    field11: 'HTTP/1.1',
    field12: '200' },
  { Agent: 'node-superagent/2.3.0',
    Time: '2019-06-21T18:24:39.112Z',
    Method: 'GET',
    Resource: '/',
    Version: 'HTTP/1.1',
    Status: '200' },
  { Agent: 'node-superagent/2.3.0',
    Time: '2019-06-21T18:24:39.115Z',
    Method: 'GET',
    Resource: '/',
    Version: 'HTTP/1.1',
    Status: '200' },
  { Agent: 'node-superagent/2.3.0',
    Time: '2019-06-21T18:24:39.117Z',
    Method: 'GET',
    Resource: '/',
    Version: 'HTTP/1.1',
    Status: '200' },
  { Agent: 'node-superagent/2.3.0',
    Time: '2019-06-21T18:24:39.119Z',
    Method: 'GET',
    Resource: '/',
    Version: 'HTTP/1.1',
    Status: '200' },
  { Agent: 'node-superagent/2.3.0',
    Time: '2019-06-21T18:24:39.121Z',
    Method: 'GET',
    Resource: '/',
    Version: 'HTTP/1.1',
    Status: '200' },
  { Agent: 'node-superagent/2.3.0',
    Time: '2019-06-21T18:24:39.123Z',
    Method: 'GET',
    Resource: '/logs',
    Version: 'HTTP/1.1',
    Status: '200' },
  { Agent: 'node-superagent/2.3.0',
    Time: '2019-06-21T18:24:39.143Z',
    Method: 'GET',
    Resource: '/logs',
    Version: 'HTTP/1.1',
    Status: '200' } ]
